



         **************************************************************
         ***                     TSUPREM-4 (TM)                     ***
         ***      Version G-2012.06-0, System K (AMD64: Linux)      ***
         ***                Copyright (C) 1988-2011                 ***
         ***                     Synopsys, Inc.                     ***
         ***                                                        ***
         ***  This software and the associated documentation are    ***
         ***  confidential and proprietary to Synopsys, Inc.  Your  ***
         ***  use or disclosure of this software is subject to the  ***
         ***  terms and conditions of a written license agreement   ***
         ***  between you, or your company, and Synopsys, Inc.      ***
         ***                                                        ***
         ***                Compiled: April 30, 2012                ***
         ***       TSUPREM-4 is a trademark of Synopsys, Inc.       ***
         **************************************************************

                              28-Feb-2024 18:36:14



 Entering source file master.inp.

$ Global Foundries Project 1

$ Define the grid
MESH       GRID.FAC=0.25

$ Read the mask definition file
MASK       IN.FILE=master.tl1 

Comments from mask data file "master.tl1":
/ Mask definition file s4ex4m.tl1, for use with s4ex4[abc].
(End of comments from mask data file)

$ Initialize the structure
INITIALIZE <100>  BORON=1E13
** Automatic X grid generation:  lines based on mask edges.
** Automatic Y grid generation.
   648 lines in the x direction.
   128 lines in the y direction.

$ N-well

DEPOSIT    PHOTORESIST  NEGATIVE  THICKNESS=2
EXPOSE     MASK=Nwell
DEVELOP

IMPLANT    Arsenic      DOSE=7.7E11  ENERGY=10 

*** Warning:  Because the PD.FERMI model is selected, the effect of the damage
              caused by this implant on subsequent diffusions will be ignored.

ETCH       PHOTORESIST  ALL    
DIFFUSION  TIME=5 TEMP=1400          
$ ^^                                                  <-------- Transistor anneal temp 

$ P-well

DEPOSIT    PHOTORESIST  NEGATIVE  THICKNESS=2
EXPOSE     MASK=Pwell
DEVELOP

IMPLANT    BORON      DOSE=1E12  ENERGY=10  

*** Warning:  Because the PD.FERMI model is selected, the effect of the damage
              caused by this implant on subsequent diffusions will be ignored.

ETCH       PHOTORESIST  ALL    

$ Gate oxidation

DIFFUSION  TIME=15  TEMP=1400  DRY HCL=5    
$ ^^                                                  <-------- Oxide thickness, adjust temp until desired thickness achieved

DEPOSIT    PHOTORESIST  POSITIVE  THICKNESS=1
EXPOSE     MASK=Gate
DEVELOP
ETCH       OXIDE        TRAP  THICKNESS=5 UNDERCUT=0.1
ETCH       PHOTORESIST  ALL

$ BJT Base p doping

DEPOSIT    PHOTORESIST  NEGATIVE  THICKNESS=1
EXPOSE     MASK=pdopingbjt
DEVELOP

IMPLANT    Boron  DOSE=6E12  ENERGY=70

*** Warning:  Because the PD.FERMI model is selected, the effect of the damage
              caused by this implant on subsequent diffusions will be ignored.

ETCH       PHOTORESIST  ALL

$ BJT emitter n doping

DEPOSIT    PHOTORESIST  NEGATIVE  THICKNESS=1
EXPOSE     MASK=ndopingbjt
DEVELOP

IMPLANT    Arsenic  DOSE=6E13  ENERGY=250

*** Warning:  Because the PD.FERMI model is selected, the effect of the damage
              caused by this implant on subsequent diffusions will be ignored.

ETCH       PHOTORESIST  ALL
DIFFUSION  TIME=30  TEMP=1100

$ N-MOS + Resistor ndoping

DEPOSIT    PHOTORESIST  NEGATIVE  THICKNESS=1
EXPOSE     MASK=ndopingmos
DEVELOP

IMPLANT    Arsenic DOSE=2E15  ENERGY=150     

*** Warning:  Because the PD.FERMI model is selected, the effect of the damage
              caused by this implant on subsequent diffusions will be ignored.

$ ^^                                                  <-------- Transistor source/drain implant
ETCH       PHOTORESIST  ALL
DIFFUSION  TIME=10  TEMP=1000              
$ ^^                                                  <-------- Transistor anneal temp  

$ P-MOS pdoping

DEPOSIT    PHOTORESIST  NEGATIVE  THICKNESS=1
EXPOSE     MASK=pdopingmos
DEVELOP

IMPLANT    Boron  DOSE=1E14  ENERGY=15     

*** Warning:  Because the PD.FERMI model is selected, the effect of the damage
              caused by this implant on subsequent diffusions will be ignored.

$ ^^                                                  <-------- Transistor source/drain implant
ETCH       PHOTORESIST  ALL
DIFFUSION  TIME=10  TEMP=900               
$ ^^                                                  <-------- Transistor anneal temp                                                 

$ Poly (gate contact)

DEPOSIT MAT=POLY THICKNESS=0.3
DEPOSIT PHOTORESIST POSITIVE THICKNESS=1.0
EXPOSE MASK=poly
DEVELOP
ETCH POLYSILICON TRAP THICK=2
ETCH PHOTORESIST ALL

$ Metal Contacts

DEPOSIT ALUMINUM THICKNESS=0.5
DEPOSIT PHOTORESISTPOSITIVE THICKNESS=1.0
EXPOSE MASK=Contact
DEVELOP
ETCH ALUMINUM TRAP THICKNESS=1.5
ETCH PHOTORESIST ALL

ELECTRIC X=5 THRESHOLD PMOS V="-3 0 0.05"


************************ STRUCTURE INFORMATION ************************
LAYER    MATERIAL THICKNESS REGION DIFTYP THICKNESS       TOP    BOTTOM

    3 polysilicon    0.3000      1           0.3000   -0.4372   -0.1372
    2       oxide    0.2434                  0.2434   -0.1372    0.1062
    1     silicon  199.8938      2      n    3.8938    0.1062    4.0000
                                 1      p  195.8750    4.1250  200.0000

***********************************************************************
*** The bulk region will be set to #2
*** This is an enhancement PMOSFET.

Threshold (volts) :  -1.003

Extrapolated from :
 bias=-1.500  conductance=2.4936e-06  
 bias=-1.450  conductance=2.2426e-06  


ELECTRIC X=15 THRESHOLD NMOS V="0 3 0.05"


************************ STRUCTURE INFORMATION ************************
LAYER    MATERIAL THICKNESS REGION DIFTYP THICKNESS       TOP    BOTTOM

    3 polysilicon    0.3000      1           0.3000   -0.4372   -0.1372
    2       oxide    0.2434                  0.2434   -0.1372    0.1062
    1     silicon  199.8938      1      p  199.8938    0.1062  200.0000

***********************************************************************
*** The bulk region will be set to #1
*** This is an enhancement NMOSFET.

Threshold (volts) :   1.015

Extrapolated from :
 bias=1.900   conductance=1.3783e-05  
 bias=1.950   conductance=1.4561e-05  


ELECTRIC x=44


************************ STRUCTURE INFORMATION ************************
LAYER    MATERIAL THICKNESS REGION DIFTYP THICKNESS       TOP    BOTTOM

    1     silicon  199.8938      2      n    1.5501    0.1062    1.6563
                                 1      p  198.3145    1.6855  200.0000

***********************************************************************


 Bias step   1:    0.00 (Volts)

     ********************************************************************
       Material    Thickness   Type   Junction Depth   Sheet Resistance  
     --------------------------------------------------------------------

        silicon       200 um     N           1.57 um        49   ohm/sq
                                 P            200 um      65.2 K ohm/sq

     ********************************************************************

$ Save structure
savefile out.f=master.output
savefile out.f=master.tif tif

Electrode    Material     X-min        X-max        Y-min        Y-max
   Name        Name     (microns)    (microns)    (microns)    (microns)
----------  ----------  ---------    ---------    ---------    ---------
3           aluminum       3.6000       4.4000      -0.7443       0.1062
4           aluminum      13.6000      14.4000      -0.7443       0.1062
5           aluminum       5.6000       6.4000      -0.7443       0.1062
6           aluminum      47.0000      48.5000      -0.3938       0.1062
7           aluminum      41.5000      43.0000      -0.3938       0.1062
8           aluminum      36.5000      37.5000      -0.3938       0.1062
9           aluminum      33.5000      34.5000      -0.3938       0.1062
10          aluminum      27.9000      28.9000      -0.3938       0.1062
11          aluminum      24.8000      25.8000      -0.3938       0.1062
12          aluminum      22.7000      23.5000      -0.3938       0.1062
13          aluminum      15.6000      16.4000      -0.7443       0.1062
14          aluminum      53.7000      54.3000      -0.6372      -0.1372
15          aluminum      55.2000      55.8000      -0.5433       0.1062


 Exiting source file master.inp.



 *** END TSUPREM-4 ***

